Arguments: 
  /usr/local/bin/node /usr/local/Cellar/yarn/1.17.0/libexec/bin/yarn.js test

PATH: 
  /Users/ahmed/.rvm/gems/ruby-2.6.3/bin:/Users/ahmed/.rvm/gems/ruby-2.6.3@global/bin:/Users/ahmed/.rvm/rubies/ruby-2.6.3/bin:/Library/Frameworks/Python.framework/Versions/3.7/bin:/usr/local/bin:/usr/bin:/bin:/usr/sbin:/sbin:/Users/ahmed/.rvm/gems/ruby-2.6.3/bin:/Users/ahmed/.rvm/gems/ruby-2.6.3@global/bin:/Users/ahmed/.rvm/rubies/ruby-2.6.3/bin:/Library/Frameworks/Python.framework/Versions/3.7/bin:/Users/ahmed/.rvm/bin

Yarn version: 
  1.17.0

Node version: 
  18.12.1

Platform: 
  darwin x64

Trace: 
  SyntaxError: /Users/ahmed/Desktop/Techreturner/assignments/bowling-game/package.json: Unexpected token , in JSON at position 192
      at JSON.parse (<anonymous>)
      at /usr/local/Cellar/yarn/1.17.0/libexec/lib/cli.js:1625:59
      at Generator.next (<anonymous>)
      at step (/usr/local/Cellar/yarn/1.17.0/libexec/lib/cli.js:304:30)
      at /usr/local/Cellar/yarn/1.17.0/libexec/lib/cli.js:315:13

npm manifest: 
  {
    "name": "bowling-game",
    "version": "1.0.0",
    "main": "index.js",
    "repository": "https://github.com/monmon8/bowling-game.git",
    "author": "<imaneben8@gmail.com>",
    "license": "MIT"
  },
  {
    "scripts": {
      "test": "jest"
    }
  }

yarn manifest: 
  No manifest

Lockfile: 
  No lockfile
